# JRE version: Java(TM) SE Runtime Environment (8.0_271-b09) (build 1.8.0_271-b09)
# Java VM: Java HotSpot(TM) 64-Bit Server VM (25.271-b09 mixed mode windows-amd64 compressed oops)
Heap:
 PSYoungGen      total 122880K, used 100009K [0x00000000eab00000, 0x00000000ffd80000, 0x0000000100000000)
  eden space 122368K, 81% used [0x00000000eab00000,0x00000000f0c72450,0x00000000f2280000)
  from space 512K, 43% used [0x00000000f2280000,0x00000000f22b8000,0x00000000f2300000)
  to   space 112128K, 0% used [0x00000000f9000000,0x00000000f9000000,0x00000000ffd80000)
 ParOldGen       total 370688K, used 331019K [0x00000000c0000000, 0x00000000d6a00000, 0x00000000eab00000)
  object space 370688K, 89% used [0x00000000c0000000,0x00000000d4342d50,0x00000000d6a00000)
 Metaspace       used 6179K, capacity 6426K, committed 6656K, reserved 1056768K
  class space    used 648K, capacity 737K, committed 768K, reserved 1048576K
GC Heap History (10 events):
Event: 13.657 GC heap before
{Heap before GC invocations=42 (full 19):
 PSYoungGen      total 215040K, used 121038K [0x00000000eab00000, 0x0000000100000000, 0x0000000100000000)
  eden space 138240K, 32% used [0x00000000eab00000,0x00000000ed63b7f8,0x00000000f3200000)
  from space 76800K, 99% used [0x00000000fb500000,0x00000000ffff8010,0x0000000100000000)
  to   space 105472K, 0% used [0x00000000f3200000,0x00000000f3200000,0x00000000f9900000)
 ParOldGen       total 370688K, used 254630K [0x00000000c0000000, 0x00000000d6a00000, 0x00000000eab00000)
  object space 370688K, 68% used [0x00000000c0000000,0x00000000cf8a9a70,0x00000000d6a00000)
 Metaspace       used 6110K, capacity 6330K, committed 6400K, reserved 1056768K
  class space    used 641K, capacity 705K, committed 768K, reserved 1048576K
Event: 13.724 GC heap after
Heap after GC invocations=42 (full 19):
 PSYoungGen      total 215552K, used 76896K [0x00000000eab00000, 0x0000000100000000, 0x0000000100000000)
  eden space 138240K, 0% used [0x00000000eab00000,0x00000000eab00000,0x00000000f3200000)
  from space 77312K, 99% used [0x00000000f3200000,0x00000000f7d18010,0x00000000f7d80000)
  to   space 113664K, 0% used [0x00000000f9100000,0x00000000f9100000,0x0000000100000000)
 ParOldGen       total 370688K, used 254630K [0x00000000c0000000, 0x00000000d6a00000, 0x00000000eab00000)
  object space 370688K, 68% used [0x00000000c0000000,0x00000000cf8a9a70,0x00000000d6a00000)
 Metaspace       used 6110K, capacity 6330K, committed 6400K, reserved 1056768K
  class space    used 641K, capacity 705K, committed 768K, reserved 1048576K
}
Event: 13.724 GC heap before
{Heap before GC invocations=43 (full 20):
 PSYoungGen      total 215552K, used 76896K [0x00000000eab00000, 0x0000000100000000, 0x0000000100000000)
  eden space 138240K, 0% used [0x00000000eab00000,0x00000000eab00000,0x00000000f3200000)
  from space 77312K, 99% used [0x00000000f3200000,0x00000000f7d18010,0x00000000f7d80000)
  to   space 113664K, 0% used [0x00000000f9100000,0x00000000f9100000,0x0000000100000000)
 ParOldGen       total 370688K, used 254630K [0x00000000c0000000, 0x00000000d6a00000, 0x00000000eab00000)
  object space 370688K, 68% used [0x00000000c0000000,0x00000000cf8a9a70,0x00000000d6a00000)
 Metaspace       used 6110K, capacity 6330K, committed 6400K, reserved 1056768K
  class space    used 641K, capacity 705K, committed 768K, reserved 1048576K
Event: 14.575 GC heap after
Heap after GC invocations=43 (full 20):
 PSYoungGen      total 215552K, used 0K [0x00000000eab00000, 0x0000000100000000, 0x0000000100000000)
  eden space 138240K, 0% used [0x00000000eab00000,0x00000000eab00000,0x00000000f3200000)
  from space 77312K, 0% used [0x00000000f3200000,0x00000000f3200000,0x00000000f7d80000)
  to   space 113664K, 0% used [0x00000000f9100000,0x00000000f9100000,0x0000000100000000)
 ParOldGen       total 370688K, used 330978K [0x00000000c0000000, 0x00000000d6a00000, 0x00000000eab00000)
  object space 370688K, 89% used [0x00000000c0000000,0x00000000d4338bc8,0x00000000d6a00000)
 Metaspace       used 6110K, capacity 6330K, committed 6400K, reserved 1056768K
  class space    used 641K, capacity 705K, committed 768K, reserved 1048576K
}
Event: 14.694 GC heap before
{Heap before GC invocations=44 (full 20):
 PSYoungGen      total 215552K, used 24546K [0x00000000eab00000, 0x0000000100000000, 0x0000000100000000)
  eden space 138240K, 17% used [0x00000000eab00000,0x00000000ec2f8850,0x00000000f3200000)
  from space 77312K, 0% used [0x00000000f3200000,0x00000000f3200000,0x00000000f7d80000)
  to   space 113664K, 0% used [0x00000000f9100000,0x00000000f9100000,0x0000000100000000)
 ParOldGen       total 370688K, used 330978K [0x00000000c0000000, 0x00000000d6a00000, 0x00000000eab00000)
  object space 370688K, 89% used [0x00000000c0000000,0x00000000d4338bc8,0x00000000d6a00000)
 Metaspace       used 6114K, capacity 6330K, committed 6400K, reserved 1056768K
  class space    used 641K, capacity 705K, committed 768K, reserved 1048576K
Event: 14.696 GC heap after
Heap after GC invocations=44 (full 20):
 PSYoungGen      total 236032K, used 128K [0x00000000eab00000, 0x0000000100000000, 0x0000000100000000)
  eden space 122368K, 0% used [0x00000000eab00000,0x00000000eab00000,0x00000000f2280000)
  from space 113664K, 0% used [0x00000000f9100000,0x00000000f9120000,0x0000000100000000)
  to   space 113152K, 0% used [0x00000000f2280000,0x00000000f2280000,0x00000000f9100000)
 ParOldGen       total 370688K, used 330978K [0x00000000c0000000, 0x00000000d6a00000, 0x00000000eab00000)
  object space 370688K, 89% used [0x00000000c0000000,0x00000000d4338bc8,0x00000000d6a00000)
 Metaspace       used 6114K, capacity 6330K, committed 6400K, reserved 1056768K
  class space    used 641K, capacity 705K, committed 768K, reserved 1048576K
}
Event: 14.696 GC heap before
{Heap before GC invocations=45 (full 21):
 PSYoungGen      total 236032K, used 128K [0x00000000eab00000, 0x0000000100000000, 0x0000000100000000)
  eden space 122368K, 0% used [0x00000000eab00000,0x00000000eab00000,0x00000000f2280000)
  from space 113664K, 0% used [0x00000000f9100000,0x00000000f9120000,0x0000000100000000)
  to   space 113152K, 0% used [0x00000000f2280000,0x00000000f2280000,0x00000000f9100000)
 ParOldGen       total 370688K, used 330978K [0x00000000c0000000, 0x00000000d6a00000, 0x00000000eab00000)
  object space 370688K, 89% used [0x00000000c0000000,0x00000000d4338bc8,0x00000000d6a00000)
 Metaspace       used 6114K, capacity 6330K, committed 6400K, reserved 1056768K
  class space    used 641K, capacity 705K, committed 768K, reserved 1048576K
Event: 15.200 GC heap after
Heap after GC invocations=45 (full 21):
 PSYoungGen      total 236032K, used 0K [0x00000000eab00000, 0x0000000100000000, 0x0000000100000000)
  eden space 122368K, 0% used [0x00000000eab00000,0x00000000eab00000,0x00000000f2280000)
  from space 113664K, 0% used [0x00000000f9100000,0x00000000f9100000,0x0000000100000000)
  to   space 113152K, 0% used [0x00000000f2280000,0x00000000f2280000,0x00000000f9100000)
 ParOldGen       total 370688K, used 331019K [0x00000000c0000000, 0x00000000d6a00000, 0x00000000eab00000)
  object space 370688K, 89% used [0x00000000c0000000,0x00000000d4342d50,0x00000000d6a00000)
 Metaspace       used 6114K, capacity 6330K, committed 6400K, reserved 1056768K
  class space    used 641K, capacity 705K, committed 768K, reserved 1048576K
}
Event: 15.398 GC heap before
{Heap before GC invocations=46 (full 21):
 PSYoungGen      total 236032K, used 122368K [0x00000000eab00000, 0x0000000100000000, 0x0000000100000000)
  eden space 122368K, 100% used [0x00000000eab00000,0x00000000f2280000,0x00000000f2280000)
  from space 113664K, 0% used [0x00000000f9100000,0x00000000f9100000,0x0000000100000000)
  to   space 113152K, 0% used [0x00000000f2280000,0x00000000f2280000,0x00000000f9100000)
 ParOldGen       total 370688K, used 331019K [0x00000000c0000000, 0x00000000d6a00000, 0x00000000eab00000)
  object space 370688K, 89% used [0x00000000c0000000,0x00000000d4342d50,0x00000000d6a00000)
 Metaspace       used 6119K, capacity 6330K, committed 6400K, reserved 1056768K
  class space    used 642K, capacity 705K, committed 768K, reserved 1048576K
Event: 15.401 GC heap after
Heap after GC invocations=46 (full 21):
 PSYoungGen      total 122880K, used 224K [0x00000000eab00000, 0x00000000ffd80000, 0x0000000100000000)
  eden space 122368K, 0% used [0x00000000eab00000,0x00000000eab00000,0x00000000f2280000)
  from space 512K, 43% used [0x00000000f2280000,0x00000000f22b8000,0x00000000f2300000)
  to   space 112128K, 0% used [0x00000000f9000000,0x00000000f9000000,0x00000000ffd80000)
 ParOldGen       total 370688K, used 331019K [0x00000000c0000000, 0x00000000d6a00000, 0x00000000eab00000)
  object space 370688K, 89% used [0x00000000c0000000,0x00000000d4342d50,0x00000000d6a00000)
 Metaspace       used 6119K, capacity 6330K, committed 6400K, reserved 1056768K
  class space    used 642K, capacity 705K, committed 768K, reserved 1048576K
}

